<?xml version="1.0" encoding="UTF-8"?>
<!-- Generated by org.testng.reporters.JUnitReportReporter -->
<testsuite hostname="DESKTOP-9LLJ5S9" failures="0" tests="2" name="com.testcases.noisehive.DashboardpageTestcase" time="31.476" errors="0" timestamp="18 Oct 2019 06:44:19 GMT" skipped="0">
  <testcase classname="com.testcases.noisehive.DashboardpageTestcase" name="testdashboardpage" time="14.680"/>
  <testcase classname="com.testcases.noisehive.DashboardpageTestcase" name="verifyDashboardMusicHeader" time="16.796"/>
</testsuite> <!-- com.testcases.noisehive.DashboardpageTestcase -->
