<?xml version="1.0" encoding="UTF-8"?>
<!-- Generated by org.testng.reporters.JUnitReportReporter -->
<testsuite skipped="0" hostname="DESKTOP-9LLJ5S9" name="com.testcases.noisehive.DashboardpageTestcase" tests="3" failures="0" timestamp="18 Oct 2019 08:20:16 GMT" time="48.139" errors="0">
  <testcase name="testdashboardpage" time="14.466" classname="com.testcases.noisehive.DashboardpageTestcase"/>
  <testcase name="verifyDashboardMusicHeader" time="13.053" classname="com.testcases.noisehive.DashboardpageTestcase"/>
  <testcase name="checkScrollDown" time="20.620" classname="com.testcases.noisehive.DashboardpageTestcase"/>
</testsuite> <!-- com.testcases.noisehive.DashboardpageTestcase -->
