<?xml version="1.0" encoding="UTF-8"?>
<!-- Generated by org.testng.reporters.JUnitReportReporter -->
<testsuite hostname="DESKTOP-9LLJ5S9" failures="0" tests="2" name="com.testcases.noisehive.DashboardpageTestcase" time="34.272" errors="0" timestamp="17 Oct 2019 11:18:06 GMT" skipped="0">
  <testcase classname="com.testcases.noisehive.DashboardpageTestcase" name="testdashboardpage" time="17.467"/>
  <testcase classname="com.testcases.noisehive.DashboardpageTestcase" name="verifyDashboardMusicHeader" time="16.805"/>
</testsuite> <!-- com.testcases.noisehive.DashboardpageTestcase -->
