<?xml version="1.0" encoding="UTF-8"?>
<!-- Generated by org.testng.reporters.JUnitReportReporter -->
<<<<<<< HEAD
<testsuite skipped="0" hostname="DESKTOP-9LLJ5S9" name="com.testcases.noisehive.DashboardpageTestcase" tests="3" failures="0" timestamp="18 Oct 2019 08:20:16 GMT" time="48.139" errors="0">
  <testcase name="testdashboardpage" time="14.466" classname="com.testcases.noisehive.DashboardpageTestcase"/>
  <testcase name="verifyDashboardMusicHeader" time="13.053" classname="com.testcases.noisehive.DashboardpageTestcase"/>
  <testcase name="checkScrollDown" time="20.620" classname="com.testcases.noisehive.DashboardpageTestcase"/>
=======
<testsuite skipped="0" hostname="DESKTOP-9LLJ5S9" name="com.testcases.noisehive.DashboardpageTestcase" tests="3" failures="0" timestamp="18 Oct 2019 10:10:06 GMT" time="44.513" errors="1">
  <testcase name="testdashboardpage" time="14.425" classname="com.testcases.noisehive.DashboardpageTestcase"/>
  <testcase name="verifyDashboardMusicHeader" time="17.158" classname="com.testcases.noisehive.DashboardpageTestcase"/>
  <testcase name="clickMoreInfoBtn" time="12.930" classname="com.testcases.noisehive.DashboardpageTestcase">
    <error type="java.lang.NullPointerException">
      <![CDATA[java.lang.NullPointerException
at org.openqa.selenium.support.pagefactory.DefaultElementLocator.findElement(DefaultElementLocator.java:69)
at org.openqa.selenium.support.pagefactory.internal.LocatingElementHandler.invoke(LocatingElementHandler.java:38)
at com.sun.proxy.$Proxy9.click(Unknown Source)
at com.pages.noisehive.Dashboardpage.clickMoreInformation(Dashboardpage.java:52)
at com.testcases.noisehive.DashboardpageTestcase.clickMoreInfoBtn(DashboardpageTestcase.java:45)
at sun.reflect.NativeMethodAccessorImpl.invoke0(Native Method)
at sun.reflect.NativeMethodAccessorImpl.invoke(NativeMethodAccessorImpl.java:62)
at sun.reflect.DelegatingMethodAccessorImpl.invoke(DelegatingMethodAccessorImpl.java:43)
at java.lang.reflect.Method.invoke(Method.java:498)
at org.testng.internal.MethodInvocationHelper.invokeMethod(MethodInvocationHelper.java:124)
at org.testng.internal.Invoker.invokeMethod(Invoker.java:580)
at org.testng.internal.Invoker.invokeTestMethod(Invoker.java:716)
at org.testng.internal.Invoker.invokeTestMethods(Invoker.java:988)
at org.testng.internal.TestMethodWorker.invokeTestMethods(TestMethodWorker.java:125)
at org.testng.internal.TestMethodWorker.run(TestMethodWorker.java:109)
at org.testng.TestRunner.privateRun(TestRunner.java:648)
at org.testng.TestRunner.run(TestRunner.java:505)
at org.testng.SuiteRunner.runTest(SuiteRunner.java:455)
at org.testng.SuiteRunner.runSequentially(SuiteRunner.java:450)
at org.testng.SuiteRunner.privateRun(SuiteRunner.java:415)
at org.testng.SuiteRunner.run(SuiteRunner.java:364)
at org.testng.SuiteRunnerWorker.runSuite(SuiteRunnerWorker.java:52)
at org.testng.SuiteRunnerWorker.run(SuiteRunnerWorker.java:84)
at org.testng.TestNG.runSuitesSequentially(TestNG.java:1208)
at org.testng.TestNG.runSuitesLocally(TestNG.java:1137)
at org.testng.TestNG.runSuites(TestNG.java:1049)
at org.testng.TestNG.run(TestNG.java:1017)
at org.testng.remote.AbstractRemoteTestNG.run(AbstractRemoteTestNG.java:114)
at org.testng.remote.RemoteTestNG.initAndRun(RemoteTestNG.java:251)
at org.testng.remote.RemoteTestNG.main(RemoteTestNG.java:77)
]]>
    </error>
  </testcase> <!-- clickMoreInfoBtn -->
>>>>>>> QA2
</testsuite> <!-- com.testcases.noisehive.DashboardpageTestcase -->
