<?xml version="1.0" encoding="UTF-8"?>
<!-- Generated by org.testng.reporters.JUnitReportReporter -->
<testsuite hostname="DESKTOP-9LLJ5S9" failures="0" tests="1" name="com.testcases.noisehive.DashboardpageTestcase" time="14.137" errors="0" timestamp="17 Oct 2019 09:47:54 GMT" skipped="0">
  <testcase classname="com.testcases.noisehive.DashboardpageTestcase" name="testdashboardpage" time="14.137"/>
</testsuite> <!-- com.testcases.noisehive.DashboardpageTestcase -->
